<?xml version="1.0" encoding="UTF-8"?>
<!-- Generated by org.testng.reporters.JUnitXMLReporter -->
<testsuite hostname="K" ignored="2" name="Default test" tests="2" failures="0" timestamp="04 Oct 2018 01:39:06 GMT" time="51.701" errors="0">
  <testcase name="loginTest" time="28.315" classname="testcases.LoginTest"/>
  <testcase name="testAddfile" time="23.23" classname="testcases.TestAddFile"/>
  <testcase name="@AfterSuite afterClass" time="0.0" classname="testcases.Setup">
    <ignored/>
  </testcase> <!-- @AfterSuite afterClass -->
  <testcase name="@BeforeSuite setup" time="0.0" classname="testcases.Setup">
    <ignored/>
  </testcase> <!-- @BeforeSuite setup -->
</testsuite> <!-- Default test -->
