<?xml version="1.0" encoding="UTF-8"?>
<testng-results skipped="0" failed="0" ignored="2" total="4" passed="2">
  <reporter-output>
  </reporter-output>
  <suite name="Default suite" duration-ms="51701" started-at="2018-10-04T01:38:14Z" finished-at="2018-10-04T01:39:06Z">
    <groups>
    </groups>
    <test name="Default test" duration-ms="51701" started-at="2018-10-04T01:38:14Z" finished-at="2018-10-04T01:39:06Z">
      <class name="testcases.LoginTest">
        <test-method status="PASS" signature="setup()[pri:0, instance:testcases.LoginTest@c038203]" name="setup" is-config="true" duration-ms="16370" started-at="2018-10-04T01:37:58Z" finished-at="2018-10-04T01:38:14Z">
          <reporter-output>
          </reporter-output>
        </test-method> <!-- setup -->
        <test-method status="PASS" signature="loginTest()[pri:0, instance:testcases.LoginTest@c038203]" name="loginTest" duration-ms="28315" started-at="2018-10-04T01:38:14Z" finished-at="2018-10-04T01:38:43Z">
          <reporter-output>
          </reporter-output>
        </test-method> <!-- loginTest -->
        <test-method status="PASS" signature="afterClass()[pri:0, instance:testcases.LoginTest@c038203]" name="afterClass" is-config="true" duration-ms="2815" started-at="2018-10-04T01:39:06Z" finished-at="2018-10-04T01:39:09Z">
          <reporter-output>
          </reporter-output>
        </test-method> <!-- afterClass -->
      </class> <!-- testcases.LoginTest -->
      <class name="testcases.TestAddFile">
        <test-method status="PASS" signature="testAddfile()[pri:0, instance:testcases.TestAddFile@cc285f4]" name="testAddfile" duration-ms="23230" started-at="2018-10-04T01:38:43Z" finished-at="2018-10-04T01:39:06Z">
          <reporter-output>
          </reporter-output>
        </test-method> <!-- testAddfile -->
      </class> <!-- testcases.TestAddFile -->
    </test> <!-- Default test -->
  </suite> <!-- Default suite -->
</testng-results>
